0 info it worked if it ends with ok
1 verbose cli [ 'node', '/usr/local/bin/npm', 'start' ]
2 info using npm@1.2.16
3 info using node@v0.10.2
4 verbose read json /Users/pgrock/Sites/forks/ipl-koala/package.json
5 verbose run-script [ 'prestart', 'start', 'poststart' ]
6 info prestart ipl-koala@0.0.1-5
7 info start ipl-koala@0.0.1-5
8 verbose unsafe-perm in lifecycle true
9 silly exec sh "-c" "node app.js"
10 silly sh,-c,node app.js,/Users/pgrock/Sites/forks/ipl-koala spawning
11 info ipl-koala@0.0.1-5 Failed to exec start script
12 error ipl-koala@0.0.1-5 start: `node app.js`
12 error `sh "-c" "node app.js"` failed with 8
13 error Failed at the ipl-koala@0.0.1-5 start script.
13 error This is most likely a problem with the ipl-koala package,
13 error not with npm itself.
13 error Tell the author that this fails on your system:
13 error     node app.js
13 error You can get their info via:
13 error     npm owner ls ipl-koala
13 error There is likely additional logging output above.
14 error System Darwin 12.3.0
15 error command "node" "/usr/local/bin/npm" "start"
16 error cwd /Users/pgrock/Sites/forks/ipl-koala
17 error node -v v0.10.2
18 error npm -v 1.2.16
19 error code ELIFECYCLE
20 verbose exit [ 1, true ]
